e75b88f - TheChesireCat, 13 hours ago : update readme final
 Ibrahim BathushaTRamakrishnanA_final_report.pdf |  Bin 0 -> 2559405 bytes
 README.md                                       |    4 +-
 dump-slapscape-202312081819.sql                 | 1195 +++++++++++++++++++++++
 3 files changed, 1197 insertions(+), 2 deletions(-)

245676f - TheChesireCat, 13 hours ago : update readme
 README.md | 58 +++++++++++++++++++++++++++++++++++++++++++++++++++++++++-
 1 file changed, 57 insertions(+), 1 deletion(-)

c584af3 - TheChesireCat, 15 hours ago : update readme
 README.md | 139 ++++++++++++++++++++++++++++++++++++++++++++------------------
 1 file changed, 100 insertions(+), 39 deletions(-)

02d0ce3 - TheChesireCat, 16 hours ago : penultimate commit
 README.md                           |    5 +
 schema.sql                          |   99 ++--
 schemaDumps/dump_slapscape.sql      | 1031 -----------------------------------
 src/app/components/Charts.js        |   26 +-
 src/app/home/visualizations/page.js |   27 +-
 src/app/lib/actions.js              |   21 +
 6 files changed, 123 insertions(+), 1086 deletions(-)

494a80d - TheChesireCat, 22 hours ago : cities and states and dump
 schema.sql                     |   30 +-
 schemaDumps/dump_slapscape.sql | 1031 ++++++++++++++++++++++++++++++++++++++++
 2 files changed, 1058 insertions(+), 3 deletions(-)

61d1250 - TheChesireCat, 24 hours ago : cities and states fix notebook size
 data_gen_scripts/dataLoad.ipynb | 1587 +--------------------------------------
 1 file changed, 10 insertions(+), 1577 deletions(-)

9319bd2 - TheChesireCat, 24 hours ago : cities and states load
 .../bq-results-20231207-021524-1701915339031.csv   |   57 +
 data_gen_scripts/data/mass_zip_codes.csv           |  538 +++++
 data_gen_scripts/dataLoad.ipynb                    | 2102 ++++++++++++++++++++
 public/favicon.ico                                 |  Bin 0 -> 15406 bytes
 public/sticker.svg                                 |    5 +
 schema.sql                                         |   22 +
 src/app/api/tagList/route.js                       |    2 +-
 src/app/components/DeletePost.js                   |   15 +
 src/app/components/Map.js                          |    2 +-
 src/app/globals.css                                |    4 -
 src/app/home/post/[id]/edit/page.js                |    7 +-
 src/app/home/tag/[id]/page.js                      |    2 +
 src/app/layout.js                                  |    7 +-
 src/app/lib/actions.js                             |   10 +
 src/middleware.js                                  |   22 +-
 15 files changed, 2774 insertions(+), 21 deletions(-)

49e47b2 - TheChesireCat, 34 hours ago : search [sidebar fixes]
 package-lock.json                     | 6823 +++++++++++++++++++++++++++++++++
 src/app/components/Charts.js          |   25 +
 src/app/components/DeleteImage.js     |   33 +
 src/app/components/EditDescription.js |   30 +
 src/app/components/EditTitle.js       |   32 +
 src/app/components/LikedPosts.js      |   48 +
 src/app/components/PaginationTags.js  |   20 +
 src/app/components/PieChart.js        |   41 +
 src/app/components/QueryPosts.js      |   51 +
 src/app/components/TagPosts.js        |   51 +
 src/app/components/UserPosts.js       |   51 +
 src/app/home/liked/page.js            |   45 +
 src/app/home/post/[id]/edit/page.js   |   75 +
 src/app/home/search/page.js           |   43 +
 src/app/home/tag/[id]/page.js         |   45 +
 src/app/home/visualizations/page.js   |    9 +
 16 files changed, 7422 insertions(+)

f626f58 - TheChesireCat, 34 hours ago : search
 schema.sql                | 25 ++++++++++++++++++++++++-
 src/app/components/Map.js | 25 ++++++++++++++++++++++++-
 src/app/home/page.js      |  4 ----
 src/app/lib/actions.js    | 17 +++++++++++++++++
 4 files changed, 65 insertions(+), 6 deletions(-)

de6a269 - TheChesireCat, 35 hours ago : visualization [tags piechart]
 schema.sql             | 10 ++++++++++
 src/app/lib/actions.js |  7 +++++++
 2 files changed, 17 insertions(+)

d111872 - TheChesireCat, 35 hours ago : visualization ->  search
 package.json           | 9 +++++----
 src/app/lib/actions.js | 4 ++--
 2 files changed, 7 insertions(+), 6 deletions(-)

56b3347 - TheChesireCat, 2 days ago : liked posts -> visualization, search
 package-lock.json      | 7126 ------------------------------------------------
 package.json           |    1 -
 schema.sql             |   23 +
 src/app/lib/actions.js |   18 +
 4 files changed, 41 insertions(+), 7127 deletions(-)

91a1e34 - TheChesireCat, 2 days ago : tag view, user posts view -> visualization, liked, search
 schema.sql                            |  43 ++++++++++++++
 src/app/components/TemporaryDrawer.js | 103 ++++++++++++++++++----------------
 src/app/components/User.js            |  60 ++++++++++++--------
 src/app/home/user/[username]/page.js  |  59 +++++++++++--------
 src/app/lib/actions.js                |  39 ++++++++++++-
 5 files changed, 208 insertions(+), 96 deletions(-)

23a807b - TheChesireCat, 2 days ago : edit post, delete image from post [revalidate fix]
 src/app/lib/actions.js | 9 +++++----
 src/middleware.js      | 3 ++-
 2 files changed, 7 insertions(+), 5 deletions(-)

88a0780 - TheChesireCat, 2 days ago : edit post, delete image from post -> view posts (user,tag,search)
 schema.sql                            | 39 ++++++++++++++++++++++++++-
 src/app/components/AddLike.js         | 25 ++++++++++-------
 src/app/components/TemporaryDrawer.js | 30 +++++++++++++++++----
 src/app/home/post/[id]/page.js        | 51 ++++++++++++++++++++++++++---------
 src/app/home/user/[username]/page.js  | 15 +++++++++++
 src/app/lib/actions.js                | 40 +++++++++++++++++++++++++++
 6 files changed, 173 insertions(+), 27 deletions(-)

b41f8b5 - TheChesireCat, 3 days ago : interim
 src/app/lib/actions.js | 3 ---
 1 file changed, 3 deletions(-)

7842cb9 - TheChesireCat, 3 days ago : 'page' arg for revalidatePath
 src/app/components/AddComment.js     |  1 -
 src/app/home/post/[id]/page.js       | 24 +-----------------------
 src/app/home/user/[username]/page.js |  2 +-
 src/app/lib/actions.js               |  7 +++----
 4 files changed, 5 insertions(+), 29 deletions(-)

4e53046 - TheChesireCat, 3 days ago : add comments -> edit post, view post by XYZ
 src/app/components/AddComment.js |  43 ++++++++++++++++
 src/app/home/post/[id]/page.js   | 108 ++++++++++++---------------------------
 src/app/lib/actions.js           |  16 +++++-
 3 files changed, 91 insertions(+), 76 deletions(-)

cccd364 - TheChesireCat, 3 days ago : add likes, view likes, view tags, -> adding comments
 package-lock.json              |  26 +++++++
 package.json                   |   1 +
 schema.sql                     |  84 ++++++++++++++++++++-
 src/app/components/AddLike.js  |  14 ++++
 src/app/globals.css            |  17 +++++
 src/app/home/post/[id]/page.js | 166 ++++++++++++++++++++++++++++++++++-------
 src/app/lib/actions.js         |  24 ++++++
 7 files changed, 306 insertions(+), 26 deletions(-)

2d4be12 - TheChesireCat, 5 days ago : view post done, comments and likes next
 schema.sql                     |  21 ++++++
 src/app/components/User.js     |   2 +-
 src/app/globals.css            |   2 +-
 src/app/home/post/[id]/page.js | 155 ++++++++++++++++++++++-------------------
 src/app/lib/actions.js         |  34 +++++++++
 5 files changed, 141 insertions(+), 73 deletions(-)

44d2bc7 - TheChesireCat, 5 days ago : after exam commit
 schema.sql                           |  4 +-
 src/app/api/tagCreate/route.js       |  2 +-
 src/app/components/Map.js            |  4 +-
 src/app/components/User.js           |  4 +-
 src/app/home/post/[id]/page.js       | 89 ++++++++++++++++++++++++++++++++++--
 src/app/home/user/[username]/page.js | 23 ++++------
 src/app/lib/actions.js               |  9 ++++
 7 files changed, 113 insertions(+), 22 deletions(-)

e5df074 - TheChesireCat, 5 days ago : remove console.logs
 src/app/lib/actions.js | 32 ++++++++++++++++----------------
 1 file changed, 16 insertions(+), 16 deletions(-)

bcdf2d4 - TheChesireCat, 5 days ago : marker fix
 schema.sql                   |  2 +-
 src/app/api/markers/route.js |  1 +
 src/app/components/Map.js    | 36 ++++++------------------------------
 src/app/components/User.js   | 19 ++++++++++++++++++-
 src/app/home/user/page.js    |  2 +-
 5 files changed, 27 insertions(+), 33 deletions(-)

394acd5 - TheChesireCat, 5 days ago : update profile data
 package-lock.json                    |   9 +++
 package.json                         |   1 +
 public/ko.svg                        |   1 -
 schema.sql                           |  44 +++++++++-
 src/app/api/markers/route.js         |   2 -
 src/app/components/CustomIcon.js     |  15 ----
 src/app/components/Login.js          |   6 +-
 src/app/components/Map.js            | 150 ++++++++++++++++++++++++++++++-----
 src/app/components/User.js           | 102 ++++++++++++++++++++++++
 src/app/components/ViewPost.js       |   0
 src/app/home/post/[id]/page.js       |   4 +
 src/app/home/user/[username]/page.js |  74 ++++++++++++++++-
 src/app/home/user/edit/page.js       |   3 -
 src/app/home/user/page.js            |  14 ++--
 src/app/lib/actions.js               |  88 +++++++++++++++-----
 src/app/login/page.js                |   6 +-
 src/app/register/page.js             |   7 +-
 src/app/test/page.js                 |  14 ----
 18 files changed, 447 insertions(+), 93 deletions(-)

c3bd741 - TheChesireCat, 5 days ago : post view port fetch, package.json unued removed, sql updates
 package-lock.json                     | 1528 ++++++++++++++-------------------
 package.json                          |    7 +-
 public/ko.svg                         |    1 +
 schema.sql                            |   73 +-
 src/app/api/markers/route.js          |   35 +
 src/app/components/CustomIcon.js      |   15 +
 src/app/components/Map.js             |  170 ++--
 src/app/components/NewPost.js         |   13 +-
 src/app/components/TemporaryDrawer.js |   98 +++
 src/app/lib/actions.js                |  169 ++--
 src/app/logout/route.js               |   13 +
 src/app/test/page.js                  |    3 +
 src/middleware.js                     |    2 +-
 13 files changed, 1093 insertions(+), 1034 deletions(-)

2040aef - TheChesireCat, 6 days ago : user edit, user view, user profile skeleton
 .temp.env                            |  6 +++++-
 schema.sql                           | 16 +++++++++++++++-
 src/app/home/user/[username]/page.js |  8 ++++++++
 src/app/home/user/edit/page.js       |  3 +++
 src/app/home/user/page.js            | 11 +++++++++++
 src/app/lib/actions.js               |  8 +++++++-
 6 files changed, 49 insertions(+), 3 deletions(-)

832d566 - TheChesireCat, 6 days ago : typo
 src/app/components/NewPost.js | 2 +-
 1 file changed, 1 insertion(+), 1 deletion(-)

fe9bf2c - TheChesireCat, 6 days ago : newPostActionSkeleton added, remove public files
 .../uploads/01e0928d-cfa7-47d3-8e04-b4e5c92cd3e9.png   | Bin 105741 -> 0 bytes
 .../uploads/7cab58e2-b07d-4dc1-bb55-1ba893a6bc3f.png   | Bin 105741 -> 0 bytes
 .../uploads/8e11752e-a750-47f5-a58d-122660bb0eba.png   | Bin 105741 -> 0 bytes
 .../uploads/96fb9ef2-d9aa-428c-892e-926799f53de4.png   | Bin 105741 -> 0 bytes
 .../uploads/99a22a41-af4e-4ad2-9e07-76f07419b081.png   | Bin 518696 -> 0 bytes
 .../uploads/bc608985-fdd0-42e6-ae1e-20b6cf279cdc.png   | Bin 105741 -> 0 bytes
 .../uploads/c5287b47-ec29-4b14-b58b-0e9a4e60a9b1.png   | Bin 105741 -> 0 bytes
 .../uploads/d7173b04-0990-4254-898b-ae438cafaab3.png   | Bin 29802 -> 0 bytes
 .../uploads/f16a5690-d16a-4158-8326-26c1c1373843.png   | Bin 29802 -> 0 bytes
 9 files changed, 0 insertions(+), 0 deletions(-)

07c741f - TheChesireCat, 6 days ago : newPostActionSkeleton added
 package-lock.json                                  | 3044 +++++++++++++++++---
 package.json                                       |    2 +
 .../01e0928d-cfa7-47d3-8e04-b4e5c92cd3e9.png       |  Bin 0 -> 105741 bytes
 .../7cab58e2-b07d-4dc1-bb55-1ba893a6bc3f.png       |  Bin 0 -> 105741 bytes
 .../8e11752e-a750-47f5-a58d-122660bb0eba.png       |  Bin 0 -> 105741 bytes
 .../96fb9ef2-d9aa-428c-892e-926799f53de4.png       |  Bin 0 -> 105741 bytes
 .../99a22a41-af4e-4ad2-9e07-76f07419b081.png       |  Bin 0 -> 518696 bytes
 .../bc608985-fdd0-42e6-ae1e-20b6cf279cdc.png       |  Bin 0 -> 105741 bytes
 .../c5287b47-ec29-4b14-b58b-0e9a4e60a9b1.png       |  Bin 0 -> 105741 bytes
 .../d7173b04-0990-4254-898b-ae438cafaab3.png       |  Bin 0 -> 29802 bytes
 .../f16a5690-d16a-4158-8326-26c1c1373843.png       |  Bin 0 -> 29802 bytes
 src/app/components/NewPost.js                      |   21 +-
 src/app/lib/actions.js                             |   63 +-
 13 files changed, 2721 insertions(+), 409 deletions(-)

4acd0b9 - TheChesireCat, 6 days ago : Plain Object Support Error | add formData to newPost() action
 package.json                  |  1 -
 src/app/components/Map.js     |  6 +++---
 src/app/components/NewPost.js | 32 ++++++++++++++++++++++++++------
 src/app/lib/actions.js        | 25 ++++++++++++++++++++-----
 4 files changed, 49 insertions(+), 15 deletions(-)

c9dc055 - TheChesireCat, 8 days ago : updated readme
 README.md | 11 +++++++++++
 1 file changed, 11 insertions(+)

753bcdc - TheChesireCat, 8 days ago : tmp env file
 .temp.env | 7 +++++++
 1 file changed, 7 insertions(+)

8649929 - TheChesireCat, 8 days ago : <>newtags|addtags->createpost|uploadimage
 schema.sql                     |  46 ++++++---
 src/app/api/tagCreate/route.js |  40 ++++++++
 src/app/api/tagList/route.js   |  21 +++++
 src/app/components/Map.js      |   3 +-
 src/app/components/MapBasic.js |  59 ++++++++++++
 src/app/components/NewPost.js  | 208 +++++++++++++++++++++++++++++++++--------
 src/app/lib/actions.js         |  17 ++++
 src/app/lib/db.js              |  11 ---
 src/app/page.js                |   5 +-
 9 files changed, 342 insertions(+), 68 deletions(-)

5d0fe35 - TheChesireCat, 8 days ago : <>newpost|uploadimage->newpostserver|comment|like|userprofile
 components.json                      |  16 +++
 package-lock.json                    |  77 +++++++++++-
 package.json                         |   2 +
 src/{ => app}/components/Login.js    |   9 +-
 src/app/components/Map.js            | 148 ++++++++++++++++++++++
 src/app/components/ModalTest.js      |  29 +++++
 src/app/components/NewPost.js        | 183 +++++++++++++++++++++++++++
 src/{ => app}/components/Register.js |   5 +-
 src/app/components/Sidebar.js        | 237 +++++++++++++++++++++++++++++++++++
 src/{ => app}/components/Test.js     |   0
 src/app/components/ui/button.js      |  47 +++++++
 src/app/components/ui/card.jsx       |  50 ++++++++
 src/app/globals.css                  | 110 +++++++++++++++-
 src/app/home/newpost/page.js         |   9 ++
 src/app/home/page.js                 |  44 ++++---
 src/app/lib/actions.js               | 140 +++++++++++----------
 src/app/lib/utils.js                 |   6 +
 src/app/login/page.js                |   2 +-
 src/app/page.js                      |   2 +-
 src/app/register/page.js             |   2 +-
 src/app/test/page.js                 |  10 +-
 src/components/Map.js                |  54 --------
 22 files changed, 1025 insertions(+), 157 deletions(-)

4ea8e8f - TheChesireCat, 9 days ago : <>serverActions|middlewareprotextion->newpost|uploadimage
 middleware.js                 |  26 --------
 package-lock.json             |  10 ++-
 package.json                  |   5 +-
 schema.sql                    |  37 ++++++++++-
 src/app/actions.js            |   0
 src/app/api/login/route.js    |  72 ----------------------
 src/app/api/register/route.js |  51 ----------------
 src/app/home/page.js          |  27 +++++----
 src/app/lib/actions.js        |  75 +++++++++++++++++++++++
 src/{ => app}/lib/auth.js     |   0
 src/app/lib/db.js             |  29 +++++++++
 src/app/register/page.js      |   3 +-
 src/app/test/page.js          |  15 ++---
 src/components/Login.js       | 112 ++++++++++++++++++++++------------
 src/components/Register.js    | 138 ++++++++++++++++++++++--------------------
 src/components/Test.js        |  27 +++++++++
 src/lib/db.js                 |  20 ------
 src/middleware.js             |  60 ++++++++++++++++++
 18 files changed, 404 insertions(+), 303 deletions(-)

6b3c907 - TheChesireCat, 9 days ago : <>apiroutes|mysql2->serverActions|serverless-mysql
 middleware.js                 |  26 ++
 package-lock.json             | 966 +++++++++++++++++++++++++++++++++++++-----
 package.json                  |  22 +-
 schema.sql                    |  32 ++
 src/app/actions.js            |   0
 src/app/api/login/route.js    |  72 ++++
 src/app/api/register/route.js |  51 +++
 src/app/globals.css           |  34 +-
 src/app/home/page.js          |  42 ++
 src/app/layout.js             |   4 +-
 src/app/login/page.js         |   3 +
 src/app/page.js               | 140 ++----
 src/app/register/page.js      |   3 +
 src/app/test/page.js          |  12 +
 src/components/Login.js       |  40 ++
 src/components/Map.js         |  54 +++
 src/components/Register.js    |  66 +++
 src/lib/auth.js               |  18 +
 src/lib/db.js                 |  20 +
 tailwind.config.js            |  78 +++-
 20 files changed, 1435 insertions(+), 248 deletions(-)

6c97d98 - TheChesireCat, 13 days ago : Initial commit from Create Next App
 .eslintrc.json      |    3 +
 .gitignore          |   36 +
 README.md           |   36 +
 jsconfig.json       |    7 +
 next.config.js      |    4 +
 package-lock.json   | 4300 +++++++++++++++++++++++++++++++++++++++++++++++++++
 package.json        |   23 +
 postcss.config.js   |    6 +
 public/next.svg     |    1 +
 public/vercel.svg   |    1 +
 src/app/favicon.ico |  Bin 0 -> 25931 bytes
 src/app/globals.css |   27 +
 src/app/layout.js   |   17 +
 src/app/page.js     |  113 ++
 tailwind.config.js  |   18 +
 15 files changed, 4592 insertions(+)
